<?xml version="1.0" encoding="UTF-8"?>
<!-- Generated by org.testng.reporters.JUnitReportReporter -->
<testsuite hostname="LAPTOP-BH3S1NRN" failures="0" tests="4" name="com.simplilearn.demo.ParallelTest" time="4.977" errors="0" timestamp="2022-04-13T16:52:59 IST" skipped="2">
  <testcase classname="com.simplilearn.demo.ParallelTest" name="LaunchChrome" time="4.826"/>
  <system-out/>
  <testcase classname="com.simplilearn.demo.ParallelTest" name="TryFacebook" time="0.151"/>
  <system-out/>
  <testcase classname="com.simplilearn.demo.ParallelTest" name="TryFacebook2">
    <skipped/>
  </testcase> <!-- TryFacebook2 -->
  <system-out/>
  <testcase classname="com.simplilearn.demo.ParallelTest" name="LaunchFirfox">
    <skipped/>
  </testcase> <!-- LaunchFirfox -->
  <system-out/>
</testsuite> <!-- com.simplilearn.demo.ParallelTest -->
