<?xml version="1.0" encoding="UTF-8"?>
<!-- Generated by org.testng.reporters.JUnitReportReporter -->
<testsuite hostname="LAPTOP-BH3S1NRN" failures="0" tests="1" name="com.simplilearn.demo.FirstDemo" time="0.012" errors="0" timestamp="2022-04-13T15:56:52 IST" skipped="0">
  <testcase classname="com.simplilearn.demo.FirstDemo" name="f" time="0.012"/>
  <system-out/>
</testsuite> <!-- com.simplilearn.demo.FirstDemo -->
